datetime="2023-08-22 14:17:17.7445" eventId=0 logLevel="DEBUG" logger="PedeLogo.Catalogo.Api.Program" message="init main" exception=""
datetime="2023-08-22 14:17:18.0172" eventId=0 logLevel="INFO" logger="Microsoft.Hosting.Lifetime" message="Now listening on: http://[::]:80" exception=""
datetime="2023-08-22 14:17:18.0358" eventId=0 logLevel="INFO" logger="Microsoft.Hosting.Lifetime" message="Application started. Press Ctrl+C to shut down." exception=""
datetime="2023-08-22 14:17:18.0579" eventId=0 logLevel="INFO" logger="Microsoft.Hosting.Lifetime" message="Hosting environment: Production" exception=""
datetime="2023-08-22 14:17:18.0646" eventId=0 logLevel="INFO" logger="Microsoft.Hosting.Lifetime" message="Content root path: /app" exception=""
datetime="2023-08-22 14:21:04.4620" eventId=0 logLevel="DEBUG" logger="PedeLogo.Catalogo.Api.Program" message="init main" exception=""
datetime="2023-08-22 14:21:04.7290" eventId=0 logLevel="INFO" logger="Microsoft.Hosting.Lifetime" message="Now listening on: http://[::]:80" exception=""
datetime="2023-08-22 14:21:04.7460" eventId=0 logLevel="INFO" logger="Microsoft.Hosting.Lifetime" message="Application started. Press Ctrl+C to shut down." exception=""
datetime="2023-08-22 14:21:04.7548" eventId=0 logLevel="INFO" logger="Microsoft.Hosting.Lifetime" message="Hosting environment: Production" exception=""
datetime="2023-08-22 14:21:04.7638" eventId=0 logLevel="INFO" logger="Microsoft.Hosting.Lifetime" message="Content root path: /app" exception=""
datetime="2023-08-22 14:28:03.9860" eventId=0 logLevel="DEBUG" logger="PedeLogo.Catalogo.Api.Program" message="init main" exception=""
datetime="2023-08-22 14:28:04.2368" eventId=0 logLevel="INFO" logger="Microsoft.Hosting.Lifetime" message="Now listening on: http://[::]:80" exception=""
datetime="2023-08-22 14:28:04.2529" eventId=0 logLevel="INFO" logger="Microsoft.Hosting.Lifetime" message="Application started. Press Ctrl+C to shut down." exception=""
datetime="2023-08-22 14:28:04.2591" eventId=0 logLevel="INFO" logger="Microsoft.Hosting.Lifetime" message="Hosting environment: Production" exception=""
datetime="2023-08-22 14:28:04.2657" eventId=0 logLevel="INFO" logger="Microsoft.Hosting.Lifetime" message="Content root path: /app" exception=""
datetime="2023-08-22 14:33:01.8190" eventId=0 logLevel="DEBUG" logger="PedeLogo.Catalogo.Api.Program" message="init main" exception=""
datetime="2023-08-22 14:33:02.0783" eventId=0 logLevel="INFO" logger="Microsoft.Hosting.Lifetime" message="Now listening on: http://[::]:80" exception=""
datetime="2023-08-22 14:33:02.0947" eventId=0 logLevel="INFO" logger="Microsoft.Hosting.Lifetime" message="Application started. Press Ctrl+C to shut down." exception=""
datetime="2023-08-22 14:33:02.1010" eventId=0 logLevel="INFO" logger="Microsoft.Hosting.Lifetime" message="Hosting environment: Production" exception=""
datetime="2023-08-22 14:33:02.1077" eventId=0 logLevel="INFO" logger="Microsoft.Hosting.Lifetime" message="Content root path: /app" exception=""
datetime="2023-08-22 14:33:36.9697" eventId=0 logLevel="DEBUG" logger="PedeLogo.Catalogo.Api.Program" message="init main" exception=""
datetime="2023-08-22 14:33:37.2410" eventId=0 logLevel="INFO" logger="Microsoft.Hosting.Lifetime" message="Now listening on: http://[::]:80" exception=""
datetime="2023-08-22 14:33:37.2582" eventId=0 logLevel="INFO" logger="Microsoft.Hosting.Lifetime" message="Application started. Press Ctrl+C to shut down." exception=""
datetime="2023-08-22 14:33:37.2654" eventId=0 logLevel="INFO" logger="Microsoft.Hosting.Lifetime" message="Hosting environment: Production" exception=""
datetime="2023-08-22 14:33:37.2720" eventId=0 logLevel="INFO" logger="Microsoft.Hosting.Lifetime" message="Content root path: /app" exception=""
datetime="2023-08-22 14:35:51.4450" eventId=0 logLevel="DEBUG" logger="PedeLogo.Catalogo.Api.Program" message="init main" exception=""
datetime="2023-08-22 14:35:51.7112" eventId=0 logLevel="INFO" logger="Microsoft.Hosting.Lifetime" message="Now listening on: http://[::]:80" exception=""
datetime="2023-08-22 14:35:51.7283" eventId=0 logLevel="INFO" logger="Microsoft.Hosting.Lifetime" message="Application started. Press Ctrl+C to shut down." exception=""
datetime="2023-08-22 14:35:51.7372" eventId=0 logLevel="INFO" logger="Microsoft.Hosting.Lifetime" message="Hosting environment: Production" exception=""
datetime="2023-08-22 14:35:51.7440" eventId=0 logLevel="INFO" logger="Microsoft.Hosting.Lifetime" message="Content root path: /app" exception=""
datetime="2023-08-22 14:41:07.3466" eventId=0 logLevel="DEBUG" logger="PedeLogo.Catalogo.Api.Program" message="init main" exception=""
datetime="2023-08-22 14:41:07.7067" eventId=0 logLevel="INFO" logger="Microsoft.Hosting.Lifetime" message="Now listening on: http://[::]:80" exception=""
datetime="2023-08-22 14:41:07.7234" eventId=0 logLevel="INFO" logger="Microsoft.Hosting.Lifetime" message="Application started. Press Ctrl+C to shut down." exception=""
datetime="2023-08-22 14:41:07.7296" eventId=0 logLevel="INFO" logger="Microsoft.Hosting.Lifetime" message="Hosting environment: Production" exception=""
datetime="2023-08-22 14:41:07.7355" eventId=0 logLevel="INFO" logger="Microsoft.Hosting.Lifetime" message="Content root path: /app" exception=""
datetime="2023-08-22 15:42:01.5210" eventId=0 logLevel="DEBUG" logger="PedeLogo.Catalogo.Api.Program" message="init main" exception=""
datetime="2023-08-22 15:42:01.8276" eventId=0 logLevel="INFO" logger="Microsoft.Hosting.Lifetime" message="Now listening on: http://[::]:80" exception=""
datetime="2023-08-22 15:42:01.8449" eventId=0 logLevel="INFO" logger="Microsoft.Hosting.Lifetime" message="Application started. Press Ctrl+C to shut down." exception=""
datetime="2023-08-22 15:42:01.8526" eventId=0 logLevel="INFO" logger="Microsoft.Hosting.Lifetime" message="Hosting environment: Production" exception=""
datetime="2023-08-22 15:42:01.8597" eventId=0 logLevel="INFO" logger="Microsoft.Hosting.Lifetime" message="Content root path: /app" exception=""
datetime="2023-08-22 17:32:31.1522" eventId=0 logLevel="DEBUG" logger="PedeLogo.Catalogo.Api.Program" message="init main" exception=""
datetime="2023-08-22 17:32:31.4458" eventId=0 logLevel="INFO" logger="Microsoft.Hosting.Lifetime" message="Now listening on: http://[::]:80" exception=""
datetime="2023-08-22 17:32:31.4657" eventId=0 logLevel="INFO" logger="Microsoft.Hosting.Lifetime" message="Application started. Press Ctrl+C to shut down." exception=""
datetime="2023-08-22 17:32:31.4737" eventId=0 logLevel="INFO" logger="Microsoft.Hosting.Lifetime" message="Hosting environment: Production" exception=""
datetime="2023-08-22 17:32:31.4805" eventId=0 logLevel="INFO" logger="Microsoft.Hosting.Lifetime" message="Content root path: /app" exception=""
datetime="2023-08-22 17:36:40.4644" eventId=0 logLevel="DEBUG" logger="PedeLogo.Catalogo.Api.Program" message="init main" exception=""
datetime="2023-08-22 17:36:40.7259" eventId=0 logLevel="INFO" logger="Microsoft.Hosting.Lifetime" message="Now listening on: http://[::]:80" exception=""
datetime="2023-08-22 17:36:40.7410" eventId=0 logLevel="INFO" logger="Microsoft.Hosting.Lifetime" message="Application started. Press Ctrl+C to shut down." exception=""
datetime="2023-08-22 17:36:40.7514" eventId=0 logLevel="INFO" logger="Microsoft.Hosting.Lifetime" message="Hosting environment: Production" exception=""
datetime="2023-08-22 17:36:40.7597" eventId=0 logLevel="INFO" logger="Microsoft.Hosting.Lifetime" message="Content root path: /app" exception=""
datetime="2023-08-22 17:38:12.6242" eventId=0 logLevel="DEBUG" logger="PedeLogo.Catalogo.Api.Program" message="init main" exception=""
datetime="2023-08-22 17:38:12.8786" eventId=0 logLevel="INFO" logger="Microsoft.Hosting.Lifetime" message="Now listening on: http://[::]:80" exception=""
datetime="2023-08-22 17:38:12.8977" eventId=0 logLevel="INFO" logger="Microsoft.Hosting.Lifetime" message="Application started. Press Ctrl+C to shut down." exception=""
datetime="2023-08-22 17:38:12.9066" eventId=0 logLevel="INFO" logger="Microsoft.Hosting.Lifetime" message="Hosting environment: Production" exception=""
datetime="2023-08-22 17:38:12.9123" eventId=0 logLevel="INFO" logger="Microsoft.Hosting.Lifetime" message="Content root path: /app" exception=""
datetime="2023-08-22 17:39:24.6989" eventId=0 logLevel="DEBUG" logger="PedeLogo.Catalogo.Api.Program" message="init main" exception=""
datetime="2023-08-22 17:39:24.9724" eventId=0 logLevel="INFO" logger="Microsoft.Hosting.Lifetime" message="Now listening on: http://[::]:80" exception=""
datetime="2023-08-22 17:39:24.9915" eventId=0 logLevel="INFO" logger="Microsoft.Hosting.Lifetime" message="Application started. Press Ctrl+C to shut down." exception=""
datetime="2023-08-22 17:39:25.0004" eventId=0 logLevel="INFO" logger="Microsoft.Hosting.Lifetime" message="Hosting environment: Production" exception=""
datetime="2023-08-22 17:39:25.0061" eventId=0 logLevel="INFO" logger="Microsoft.Hosting.Lifetime" message="Content root path: /app" exception=""
datetime="2023-08-22 17:41:33.5830" eventId=0 logLevel="DEBUG" logger="PedeLogo.Catalogo.Api.Program" message="init main" exception=""
datetime="2023-08-22 17:41:33.8950" eventId=0 logLevel="INFO" logger="Microsoft.Hosting.Lifetime" message="Now listening on: http://[::]:80" exception=""
datetime="2023-08-22 17:41:33.9120" eventId=0 logLevel="INFO" logger="Microsoft.Hosting.Lifetime" message="Application started. Press Ctrl+C to shut down." exception=""
datetime="2023-08-22 17:41:33.9174" eventId=0 logLevel="INFO" logger="Microsoft.Hosting.Lifetime" message="Hosting environment: Production" exception=""
datetime="2023-08-22 17:41:33.9229" eventId=0 logLevel="INFO" logger="Microsoft.Hosting.Lifetime" message="Content root path: /app" exception=""
datetime="2023-08-22 17:42:10.0456" eventId=0 logLevel="DEBUG" logger="PedeLogo.Catalogo.Api.Program" message="init main" exception=""
datetime="2023-08-22 17:42:10.2905" eventId=0 logLevel="INFO" logger="Microsoft.Hosting.Lifetime" message="Now listening on: http://[::]:80" exception=""
datetime="2023-08-22 17:42:10.3080" eventId=0 logLevel="INFO" logger="Microsoft.Hosting.Lifetime" message="Application started. Press Ctrl+C to shut down." exception=""
datetime="2023-08-22 17:42:10.3131" eventId=0 logLevel="INFO" logger="Microsoft.Hosting.Lifetime" message="Hosting environment: Production" exception=""
datetime="2023-08-22 17:42:10.3183" eventId=0 logLevel="INFO" logger="Microsoft.Hosting.Lifetime" message="Content root path: /app" exception=""
datetime="2023-08-22 17:43:50.8549" eventId=0 logLevel="DEBUG" logger="PedeLogo.Catalogo.Api.Program" message="init main" exception=""
datetime="2023-08-22 17:43:51.1563" eventId=0 logLevel="INFO" logger="Microsoft.Hosting.Lifetime" message="Now listening on: http://[::]:80" exception=""
datetime="2023-08-22 17:43:51.1716" eventId=0 logLevel="INFO" logger="Microsoft.Hosting.Lifetime" message="Application started. Press Ctrl+C to shut down." exception=""
datetime="2023-08-22 17:43:51.1809" eventId=0 logLevel="INFO" logger="Microsoft.Hosting.Lifetime" message="Hosting environment: Production" exception=""
datetime="2023-08-22 17:43:51.1891" eventId=0 logLevel="INFO" logger="Microsoft.Hosting.Lifetime" message="Content root path: /app" exception=""
datetime="2023-08-22 17:44:21.9756" eventId=0 logLevel="DEBUG" logger="PedeLogo.Catalogo.Api.Program" message="init main" exception=""
datetime="2023-08-22 17:44:22.2622" eventId=0 logLevel="INFO" logger="Microsoft.Hosting.Lifetime" message="Now listening on: http://[::]:80" exception=""
datetime="2023-08-22 17:44:22.2828" eventId=0 logLevel="INFO" logger="Microsoft.Hosting.Lifetime" message="Application started. Press Ctrl+C to shut down." exception=""
datetime="2023-08-22 17:44:22.2978" eventId=0 logLevel="INFO" logger="Microsoft.Hosting.Lifetime" message="Hosting environment: Production" exception=""
datetime="2023-08-22 17:44:22.3065" eventId=0 logLevel="INFO" logger="Microsoft.Hosting.Lifetime" message="Content root path: /app" exception=""
datetime="2023-08-22 18:26:11.3833" eventId=0 logLevel="DEBUG" logger="PedeLogo.Catalogo.Api.Program" message="init main" exception=""
datetime="2023-08-22 18:26:11.6866" eventId=0 logLevel="INFO" logger="Microsoft.Hosting.Lifetime" message="Now listening on: http://[::]:80" exception=""
datetime="2023-08-22 18:26:11.7017" eventId=0 logLevel="INFO" logger="Microsoft.Hosting.Lifetime" message="Application started. Press Ctrl+C to shut down." exception=""
datetime="2023-08-22 18:26:11.7085" eventId=0 logLevel="INFO" logger="Microsoft.Hosting.Lifetime" message="Hosting environment: Production" exception=""
datetime="2023-08-22 18:26:11.7161" eventId=0 logLevel="INFO" logger="Microsoft.Hosting.Lifetime" message="Content root path: /app" exception=""
datetime="2023-08-22 18:32:04.4214" eventId=0 logLevel="DEBUG" logger="PedeLogo.Catalogo.Api.Program" message="init main" exception=""
datetime="2023-08-22 18:32:04.7038" eventId=0 logLevel="INFO" logger="Microsoft.Hosting.Lifetime" message="Now listening on: http://[::]:80" exception=""
datetime="2023-08-22 18:32:04.7210" eventId=0 logLevel="INFO" logger="Microsoft.Hosting.Lifetime" message="Application started. Press Ctrl+C to shut down." exception=""
datetime="2023-08-22 18:32:04.7275" eventId=0 logLevel="INFO" logger="Microsoft.Hosting.Lifetime" message="Hosting environment: Production" exception=""
datetime="2023-08-22 18:32:04.7333" eventId=0 logLevel="INFO" logger="Microsoft.Hosting.Lifetime" message="Content root path: /app" exception=""
datetime="2023-08-22 18:35:11.5234" eventId=0 logLevel="DEBUG" logger="PedeLogo.Catalogo.Api.Program" message="init main" exception=""
datetime="2023-08-22 18:35:11.7836" eventId=0 logLevel="INFO" logger="Microsoft.Hosting.Lifetime" message="Now listening on: http://[::]:80" exception=""
datetime="2023-08-22 18:35:11.8000" eventId=0 logLevel="INFO" logger="Microsoft.Hosting.Lifetime" message="Application started. Press Ctrl+C to shut down." exception=""
datetime="2023-08-22 18:35:11.8064" eventId=0 logLevel="INFO" logger="Microsoft.Hosting.Lifetime" message="Hosting environment: Production" exception=""
datetime="2023-08-22 18:35:11.8140" eventId=0 logLevel="INFO" logger="Microsoft.Hosting.Lifetime" message="Content root path: /app" exception=""
datetime="2023-08-22 18:35:58.9028" eventId=0 logLevel="DEBUG" logger="PedeLogo.Catalogo.Api.Program" message="init main" exception=""
datetime="2023-08-22 18:35:59.1665" eventId=0 logLevel="INFO" logger="Microsoft.Hosting.Lifetime" message="Now listening on: http://[::]:80" exception=""
datetime="2023-08-22 18:35:59.1828" eventId=0 logLevel="INFO" logger="Microsoft.Hosting.Lifetime" message="Application started. Press Ctrl+C to shut down." exception=""
datetime="2023-08-22 18:35:59.1889" eventId=0 logLevel="INFO" logger="Microsoft.Hosting.Lifetime" message="Hosting environment: Production" exception=""
datetime="2023-08-22 18:35:59.1951" eventId=0 logLevel="INFO" logger="Microsoft.Hosting.Lifetime" message="Content root path: /app" exception=""
datetime="2023-08-22 18:36:32.8834" eventId=0 logLevel="DEBUG" logger="PedeLogo.Catalogo.Api.Program" message="init main" exception=""
datetime="2023-08-22 18:36:33.1762" eventId=0 logLevel="INFO" logger="Microsoft.Hosting.Lifetime" message="Now listening on: http://[::]:80" exception=""
datetime="2023-08-22 18:36:33.1910" eventId=0 logLevel="INFO" logger="Microsoft.Hosting.Lifetime" message="Application started. Press Ctrl+C to shut down." exception=""
datetime="2023-08-22 18:36:33.1969" eventId=0 logLevel="INFO" logger="Microsoft.Hosting.Lifetime" message="Hosting environment: Production" exception=""
datetime="2023-08-22 18:36:33.2032" eventId=0 logLevel="INFO" logger="Microsoft.Hosting.Lifetime" message="Content root path: /app" exception=""
datetime="2023-08-22 18:38:56.1405" eventId=0 logLevel="DEBUG" logger="PedeLogo.Catalogo.Api.Program" message="init main" exception=""
datetime="2023-08-22 18:38:56.3995" eventId=0 logLevel="INFO" logger="Microsoft.Hosting.Lifetime" message="Now listening on: http://[::]:80" exception=""
datetime="2023-08-22 18:38:56.4156" eventId=0 logLevel="INFO" logger="Microsoft.Hosting.Lifetime" message="Application started. Press Ctrl+C to shut down." exception=""
datetime="2023-08-22 18:38:56.4220" eventId=0 logLevel="INFO" logger="Microsoft.Hosting.Lifetime" message="Hosting environment: Production" exception=""
datetime="2023-08-22 18:38:56.4280" eventId=0 logLevel="INFO" logger="Microsoft.Hosting.Lifetime" message="Content root path: /app" exception=""
datetime="2023-08-22 18:40:22.1208" eventId=0 logLevel="DEBUG" logger="PedeLogo.Catalogo.Api.Program" message="init main" exception=""
datetime="2023-08-22 18:40:22.4293" eventId=0 logLevel="INFO" logger="Microsoft.Hosting.Lifetime" message="Now listening on: http://[::]:80" exception=""
datetime="2023-08-22 18:40:22.4440" eventId=0 logLevel="INFO" logger="Microsoft.Hosting.Lifetime" message="Application started. Press Ctrl+C to shut down." exception=""
datetime="2023-08-22 18:40:22.4501" eventId=0 logLevel="INFO" logger="Microsoft.Hosting.Lifetime" message="Hosting environment: Production" exception=""
datetime="2023-08-22 18:40:22.4568" eventId=0 logLevel="INFO" logger="Microsoft.Hosting.Lifetime" message="Content root path: /app" exception=""
